<?xml version="1.0" encoding="UTF-8"?>
<!-- Generated by org.testng.reporters.JUnitReportReporter -->
<testsuite hostname="Iqra-fayaz" failures="0" tests="2" name="Ecom.Project.class1" time="0.001" errors="0" timestamp="2023-11-26T01:07:35 PKT" skipped="0">
  <testcase classname="Ecom.Project.class1" name="fucn2" time="0.000"/>
  <system-out/>
  <testcase classname="Ecom.Project.class1" name="fucn4" time="0.001"/>
  <system-out/>
</testsuite> <!-- Ecom.Project.class1 -->
