<?xml version="1.0" encoding="UTF-8"?>
<!-- Generated by org.testng.reporters.JUnitReportReporter -->
<testsuite hostname="Iqra-fayaz" failures="0" tests="4" name="Ecom.Project.class3" time="0.007" errors="0" timestamp="2023-11-26T01:07:57 PKT" skipped="0">
  <testcase classname="Ecom.Project.class3" name="ok3" time="0.000"/>
  <system-out/>
  <testcase classname="Ecom.Project.class3" name="ok1" time="0.006"/>
  <system-out/>
  <testcase classname="Ecom.Project.class3" name="ok2" time="0.000"/>
  <system-out/>
  <testcase classname="Ecom.Project.class3" name="ok4" time="0.001"/>
  <system-out/>
</testsuite> <!-- Ecom.Project.class3 -->
