<?xml version="1.0" encoding="UTF-8"?>
<!-- Generated by org.testng.reporters.JUnitReportReporter -->
<testsuite hostname="Iqra-fayaz" failures="0" tests="2" name="Ecom.Project.class2" time="0.003" errors="0" timestamp="2023-11-26T01:07:35 PKT" skipped="0">
  <testcase classname="Ecom.Project.class2" name="f3" time="0.002"/>
  <system-out/>
  <testcase classname="Ecom.Project.class2" name="f2" time="0.001"/>
  <system-out/>
</testsuite> <!-- Ecom.Project.class2 -->
